{
  "RSpec": {
    "coverage": {
      "/Users/Mazza/Projects/oystercard/spec/journey_spec.rb": [
        1,
        null,
        1,
        null,
        3,
        1,
        null,
        1,
        1,
        1,
        null,
        null,
        null,
        1,
        1,
        1,
        1,
        null,
        null,
        1,
        1,
        null,
        null,
        null,
        1,
        1,
        1,
        1,
        null,
        null,
        null
      ],
      "/Users/Mazza/Projects/oystercard/lib/journey.rb": [
        1,
        1,
        null,
        1,
        1,
        null,
        1,
        11,
        null,
        null,
        1,
        2,
        null,
        null,
        1,
        4,
        null,
        null
      ],
      "/Users/Mazza/Projects/oystercard/spec/journeylog_spec.rb": [
        1,
        null,
        1,
        2,
        1,
        1,
        1,
        1,
        null,
        null,
        null
      ],
      "/Users/Mazza/Projects/oystercard/lib/journeylog.rb": [
        1,
        1,
        1,
        1,
        1,
        null,
        null,
        null
      ],
      "/Users/Mazza/Projects/oystercard/spec/oystercard_spec.rb": [
        1,
        null,
        1,
        13,
        8,
        4,
        1,
        null,
        1,
        1,
        1,
        null,
        1,
        1,
        null,
        null,
        null,
        1,
        1,
        1,
        null,
        null,
        1,
        1,
        1,
        2,
        null,
        null,
        null,
        1,
        1,
        1,
        1,
        2,
        null,
        null,
        1,
        1,
        1,
        null,
        null,
        1,
        1,
        1,
        2,
        null,
        null,
        1,
        1,
        1,
        null,
        null,
        1,
        2,
        null,
        null,
        null,
        1,
        1,
        1,
        1,
        1,
        1,
        null,
        null,
        1,
        1,
        2,
        null,
        null,
        1,
        1,
        1,
        4,
        null,
        null,
        null,
        null
      ],
      "/Users/Mazza/Projects/oystercard/lib/oystercard.rb": [
        1,
        1,
        null,
        1,
        null,
        1,
        null,
        1,
        1,
        null,
        1,
        12,
        12,
        12,
        12,
        null,
        null,
        1,
        5,
        5,
        4,
        null,
        null,
        1,
        null,
        9,
        7,
        7,
        6,
        6,
        null,
        null,
        1,
        3,
        2,
        2,
        2,
        2,
        null,
        null,
        1,
        null,
        1,
        null,
        1,
        5,
        null,
        null,
        1,
        9,
        null,
        null,
        1,
        2,
        2,
        2,
        null,
        null,
        1,
        12,
        null,
        null,
        1,
        2,
        2,
        2,
        null,
        null
      ],
      "/Users/Mazza/Projects/oystercard/lib/station.rb": [
        1,
        null,
        1,
        null,
        1,
        2,
        2,
        null,
        null,
        null
      ],
      "/Users/Mazza/Projects/oystercard/spec/station_spec.rb": [
        1,
        null,
        1,
        3,
        null,
        1,
        1,
        1,
        null,
        1,
        1,
        null,
        null,
        null
      ]
    },
    "timestamp": 1484249639
  }
}
